0 info it worked if it ends with ok
1 verbose cli [ 'C:\\Program Files\\nodejs\\node.exe',
1 verbose cli   'C:\\Program Files\\nodejs\\node_modules\\npm\\bin\\npm-cli.js',
1 verbose cli   'run',
1 verbose cli   'dev' ]
2 info using npm@4.1.2
3 info using node@v7.7.2
4 verbose run-script [ 'predev', 'dev', 'postdev' ]
5 info lifecycle servicio-frontend-two@0.0.1~predev: servicio-frontend-two@0.0.1
6 silly lifecycle servicio-frontend-two@0.0.1~predev: no script for predev, continuing
7 info lifecycle servicio-frontend-two@0.0.1~dev: servicio-frontend-two@0.0.1
8 verbose lifecycle servicio-frontend-two@0.0.1~dev: unsafe-perm in lifecycle true
9 verbose lifecycle servicio-frontend-two@0.0.1~dev: PATH: C:\Program Files\nodejs\node_modules\npm\bin\node-gyp-bin;C:\Users\vacek\OneDrive\Programovani\servicio-frontend-v3\node_modules\.bin;C:\Windows\system32;C:\Windows;C:\Windows\System32\Wbem;C:\Windows\System32\WindowsPowerShell\v1.0\;C:\Program Files\Git\cmd;C:\Program Files\Calibre2\;C:\Program Files\nodejs\;C:\Program Files (x86)\Windows Live\Shared;C:\Program Files\PuTTY\;C:\Users\vacek\AppData\Local\Microsoft\WindowsApps;;C:\Program Files (x86)\Microsoft VS Code\bin;C:\Users\vacek\AppData\Roaming\npm;C:\Program Files\Heroku\bin
10 verbose lifecycle servicio-frontend-two@0.0.1~dev: CWD: C:\Users\vacek\OneDrive\Programovani\servicio-frontend-v3
11 silly lifecycle servicio-frontend-two@0.0.1~dev: Args: [ '/d /s /c',
11 silly lifecycle   'concurrently --kill-others "watchify js/main.js -o js/bundle-main.js" "watchify js/vendor.js -o js/bundle-vendor.js" "watchify js/admin.js -o js/bundle-admin.js" "live-server"' ]
12 verbose stack Error: kill ENOSYS
12 verbose stack     at exports._errnoException (util.js:1033:11)
12 verbose stack     at process.kill (internal/process.js:188:13)
12 verbose stack     at process.listener (C:\Program Files\nodejs\node_modules\npm\node_modules\npmlog\node_modules\gauge\node_modules\signal-exit\index.js:95:15)
12 verbose stack     at emitNone (events.js:86:13)
12 verbose stack     at process.emit (events.js:188:7)
12 verbose stack     at processEmit (C:\Program Files\nodejs\node_modules\npm\node_modules\npmlog\node_modules\gauge\node_modules\signal-exit\index.js:155:32)
12 verbose stack     at Signal.wrap.onsignal (internal/process.js:215:44)
13 verbose cwd C:\Users\vacek\OneDrive\Programovani\servicio-frontend-v3
14 error Windows_NT 10.0.14393
15 error argv "C:\\Program Files\\nodejs\\node.exe" "C:\\Program Files\\nodejs\\node_modules\\npm\\bin\\npm-cli.js" "run" "dev"
16 error node v7.7.2
17 error npm  v4.1.2
18 error code ENOSYS
19 error errno ENOSYS
20 error syscall kill
21 error kill ENOSYS
22 error If you need help, you may report this error at:
22 error     <https://github.com/npm/npm/issues>
23 verbose exit [ 1, true ]
